{"C:\\Users\\jessi\\Documents\\fed23\\testning\\fed23-unit-testing-code-coverage\\unitTestingCodeCoverage\\src\\main.ts": {"path":"C:\\Users\\jessi\\Documents\\fed23\\testning\\fed23-unit-testing-code-coverage\\unitTestingCodeCoverage\\src\\main.ts","statementMap":{"0":{"start":{"line":3,"column":19},"end":{"line":5,"column":1}},"1":{"start":{"line":4,"column":2},"end":{"line":4,"column":15}},"2":{"start":{"line":3,"column":13},"end":{"line":3,"column":19}}},"fnMap":{"0":{"name":"(anonymous_0)","decl":{"start":{"line":3,"column":19},"end":{"line":3,"column":20}},"loc":{"start":{"line":3,"column":53},"end":{"line":5,"column":1}}}},"branchMap":{},"s":{"0":1,"1":1,"2":1},"f":{"0":1},"b":{}}
}
